<?xml version="1.0" encoding="UTF-8"?>
<!-- Generated by org.testng.reporters.JUnitReportReporter -->
<testsuite hostname="DESKTOP-A78IG0T" failures="0" tests="5" name="summer1.TestRun" time="39.852" errors="0" timestamp="2023-05-30T14:08:45 IST" skipped="0">
  <testcase classname="summer1.TestRun" name="browser" time="4.513"/>
  <system-out/>
  <testcase classname="summer1.TestRun" name="url" time="32.920"/>
  <system-out/>
  <testcase classname="summer1.TestRun" name="click" time="1.143"/>
  <system-out/>
  <testcase classname="summer1.TestRun" name="click1" time="0.836"/>
  <system-out/>
  <testcase classname="summer1.TestRun" name="input" time="0.440"/>
  <system-out/>
</testsuite> <!-- summer1.TestRun -->
